<?xml version="1.0" encoding="UTF-8"?>
<!-- Generated by org.testng.reporters.JUnitReportReporter -->
<testsuite skipped="0" hostname="Prabhagarans-MacBook-Pro.local" name="TestClasses.TestAssertion" tests="2" failures="0" timestamp="25 Feb 2019 05:14:58 GMT" time="0.029" errors="0">
  <testcase name="hardAssert" time="0.013" classname="TestClasses.TestAssertion"/>
  <testcase name="softAssert" time="0.016" classname="TestClasses.TestAssertion"/>
</testsuite> <!-- TestClasses.TestAssertion -->
