<?xml version="1.0" encoding="UTF-8"?>
<!-- Generated by org.testng.reporters.JUnitReportReporter -->
<testsuite skipped="0" hostname="Prabhagarans-MacBook-Pro.local" name="TestClasses.TestCreateNewCustomer" tests="1" failures="0" timestamp="25 Feb 2019 05:14:58 GMT" time="22.564" errors="0">
  <testcase name="createCustomer" time="22.564" classname="TestClasses.TestCreateNewCustomer"/>
</testsuite> <!-- TestClasses.TestCreateNewCustomer -->
