<?xml version="1.0" encoding="UTF-8"?>
<!-- Generated by org.testng.reporters.JUnitReportReporter -->
<testsuite skipped="0" hostname="Prabhagarans-MacBook-Pro.local" name="TestClasses.ExcelDataHandling" tests="1" failures="0" timestamp="24 Feb 2019 05:32:46 GMT" time="0.899" errors="0">
  <testcase name="excelData" time="0.899" classname="TestClasses.ExcelDataHandling"/>
</testsuite> <!-- TestClasses.ExcelDataHandling -->
