<?xml version="1.0" encoding="UTF-8"?>
<!-- Generated by org.testng.reporters.JUnitReportReporter -->
<testsuite skipped="0" hostname="Prabhagarans-MacBook-Pro.local" name="TestClasses.TestCreateTypesOfWork" tests="1" failures="0" timestamp="25 Feb 2019 05:14:58 GMT" time="31.822" errors="0">
  <testcase name="createNewWork" time="31.822" classname="TestClasses.TestCreateTypesOfWork"/>
</testsuite> <!-- TestClasses.TestCreateTypesOfWork -->
