<?xml version="1.0" encoding="UTF-8"?>
<!-- Generated by org.testng.reporters.JUnitReportReporter -->
<testsuite skipped="0" hostname="Prabhagarans-MacBook-Pro.local" name="TestClasses.TestFrameworkSample" tests="1" failures="0" timestamp="27 Feb 2019 04:17:33 GMT" time="10.586" errors="0">
  <testcase name="saveClick" time="10.586" classname="TestClasses.TestFrameworkSample"/>
</testsuite> <!-- TestClasses.TestFrameworkSample -->
